2023-01-12 09:25:53,538 [INFO] Activator:177 - 


2023-01-12 09:25:53,538 [INFO] Activator:178 - !SESSION log4j initialized
2023-01-12 09:26:22,567 [ERROR] LogOutputStream:74 - [STDERR_REDIRECT] SLF4J: Failed to load class "org.slf4j.impl.StaticLoggerBinder".
2023-01-12 09:26:22,567 [ERROR] LogOutputStream:74 - [STDERR_REDIRECT] SLF4J: Defaulting to no-operation (NOP) logger implementation
2023-01-12 09:26:22,567 [ERROR] LogOutputStream:74 - [STDERR_REDIRECT] SLF4J: See http://www.slf4j.org/codes.html#StaticLoggerBinder for further details.
2023-01-12 09:27:20,832 [INFO] McuFinderGlobals:44 - Set McuFinder mode to 2 (CubeIDE integrated)
2023-01-12 09:27:21,020 [INFO] ApplicationProperties:181 - Using Application install path: C:\ST\STM32CubeIDE_1.10.1\STM32CubeIDE\plugins\com.st.stm32cube.common.mx_6.6.1.202207061420
2023-01-12 09:27:21,051 [INFO] DbMcusXml:77 - Set database path to: C:\ST\STM32CubeIDE_1.10.1\STM32CubeIDE\plugins\com.st.stm32cube.common.mx_6.6.1.202207061420\\db\/mcu/
2023-01-12 09:27:21,051 [INFO] ApiDb:269 - Set plugin database path to: C:\ST\STM32CubeIDE_1.10.1\STM32CubeIDE\plugins\com.st.stm32cube.common.mx_6.6.1.202207061420\\db\/plugins/boardmanager/
2023-01-12 09:27:21,051 [WARN] ApiDb:254 - Overriding images path with different value:  => C:\ST\STM32CubeIDE_1.10.1\STM32CubeIDE\plugins\com.st.stm32cube.common.mx_6.6.1.202207061420\\db\/plugins/mcufinder/images/
2023-01-12 09:27:21,067 [INFO] ApiDb:249 - Set database path to: C:\Users\hugop\.stmcufinder\plugins\mcufinder//mcu/
2023-01-12 09:27:21,067 [INFO] DbMcusAds:124 - Set database path to: C:\Users\hugop\.stmcufinder\plugins\mcufinder//mcu/
2023-01-12 09:27:21,239 [INFO] CrossReferenceDbSqlite:201 - Set database path to: C:\Users\hugop\.stmcufinder\plugins\mcufinder//mcu/cs/
2023-01-12 09:27:21,348 [INFO] RulesReader:61 - Compatibility file has been processed (282 Rules)
2023-01-12 09:27:21,442 [INFO] DbMcusXml:77 - Set database path to: C:\ST\STM32CubeIDE_1.10.1\STM32CubeIDE\plugins\com.st.stm32cube.common.mx_6.6.1.202207061420\\db\/mcu/
2023-01-12 09:27:21,442 [INFO] ApiDb:269 - Set plugin database path to: C:\ST\STM32CubeIDE_1.10.1\STM32CubeIDE\plugins\com.st.stm32cube.common.mx_6.6.1.202207061420\\db\/plugins/boardmanager/
2023-01-12 09:27:21,442 [INFO] ApiDb:256 - Set plugin images path to: C:\ST\STM32CubeIDE_1.10.1\STM32CubeIDE\plugins\com.st.stm32cube.common.mx_6.6.1.202207061420\\db\/plugins/mcufinder/images/
2023-01-12 09:27:21,442 [WARN] DbFile:40 - Overriding database path with different value: C:\Users\hugop\.stmcufinder\plugins\mcufinder/ => C:\Users\hugop\.stmcufinder\plugins\mcufinder
2023-01-12 09:27:21,442 [INFO] ApiDb:249 - Set database path to: C:\Users\hugop\.stmcufinder\plugins\mcufinder//mcu/
2023-01-12 09:27:21,442 [WARN] DbFile:40 - Overriding database path with different value: C:\Users\hugop\.stmcufinder\plugins\mcufinder/ => C:\Users\hugop\.stmcufinder\plugins\mcufinder
2023-01-12 09:27:21,442 [INFO] DbMcusAds:124 - Set database path to: C:\Users\hugop\.stmcufinder\plugins\mcufinder//mcu/
2023-01-12 09:27:21,442 [WARN] DbFile:40 - Overriding database path with different value: C:\Users\hugop\.stmcufinder\plugins\mcufinder/ => C:\Users\hugop\.stmcufinder\plugins\mcufinder
2023-01-12 09:27:21,442 [WARN] DbFile:40 - Overriding database path with different value: C:\Users\hugop\.stmcufinder\plugins\mcufinder/ => C:\Users\hugop\.stmcufinder\plugins\mcufinder
2023-01-12 09:27:21,442 [INFO] CrossReferenceDbSqlite:201 - Set database path to: C:\Users\hugop\.stmcufinder\plugins\mcufinder//mcu/cs/
2023-01-12 09:27:21,520 [INFO] MainPanel:242 - HeapMemory: 268435456
2023-01-12 09:27:21,613 [INFO] DbMcusXml:77 - Set database path to: C:\ST\STM32CubeIDE_1.10.1\STM32CubeIDE\plugins\com.st.stm32cube.common.mx_6.6.1.202207061420\\db\/mcu/
2023-01-12 09:27:21,613 [INFO] ApiDb:269 - Set plugin database path to: C:\ST\STM32CubeIDE_1.10.1\STM32CubeIDE\plugins\com.st.stm32cube.common.mx_6.6.1.202207061420\\db\/plugins/boardmanager/
2023-01-12 09:27:21,613 [INFO] ApiDb:256 - Set plugin images path to: C:\ST\STM32CubeIDE_1.10.1\STM32CubeIDE\plugins\com.st.stm32cube.common.mx_6.6.1.202207061420\\db\/plugins/mcufinder/images/
2023-01-12 09:27:21,613 [WARN] DbFile:40 - Overriding database path with different value: C:\Users\hugop\.stmcufinder\plugins\mcufinder/ => C:\Users\hugop\.stmcufinder\plugins\mcufinder
2023-01-12 09:27:21,613 [INFO] ApiDb:249 - Set database path to: C:\Users\hugop\.stmcufinder\plugins\mcufinder//mcu/
2023-01-12 09:27:21,613 [WARN] DbFile:40 - Overriding database path with different value: C:\Users\hugop\.stmcufinder\plugins\mcufinder/ => C:\Users\hugop\.stmcufinder\plugins\mcufinder
2023-01-12 09:27:21,613 [INFO] DbMcusAds:124 - Set database path to: C:\Users\hugop\.stmcufinder\plugins\mcufinder//mcu/
2023-01-12 09:27:21,613 [WARN] DbFile:40 - Overriding database path with different value: C:\Users\hugop\.stmcufinder\plugins\mcufinder/ => C:\Users\hugop\.stmcufinder\plugins\mcufinder
2023-01-12 09:27:21,613 [WARN] DbFile:40 - Overriding database path with different value: C:\Users\hugop\.stmcufinder\plugins\mcufinder/ => C:\Users\hugop\.stmcufinder\plugins\mcufinder
2023-01-12 09:27:21,613 [INFO] CrossReferenceDbSqlite:201 - Set database path to: C:\Users\hugop\.stmcufinder\plugins\mcufinder//mcu/cs/
2023-01-12 09:27:21,645 [INFO] ApplicationProperties:181 - Using Application install path: C:\ST\STM32CubeIDE_1.10.1\STM32CubeIDE\plugins\com.st.stm32cube.common.mx_6.6.1.202207061420
2023-01-12 09:27:21,645 [INFO] PluginManage:193 - Search for loadable plugins [exclusion list=, ]
2023-01-12 09:27:21,645 [INFO] PluginManage:307 - Check plugin analytics
2023-01-12 09:27:26,879 [INFO] AnalyticsPlugin:262 - Accepted Software Licenses: 
2023-01-12 09:27:26,879 [INFO] AnalyticsPlugin:264 - Accepted CMSIS Pack Licenses: 
2023-01-12 09:27:26,887 [INFO] AnalyticsPlugin:266 - Accepted Firmware Licenses: FW.F4.1.27.0
2023-01-12 09:27:26,903 [INFO] PluginManage:356 - Loaded plugin analytics (category:tool,tabindex:-1)
2023-01-12 09:27:26,903 [INFO] PluginManage:307 - Check plugin cadmodel
2023-01-12 09:27:26,919 [INFO] CADModel:65 - Init CAD model plugin
2023-01-12 09:27:26,919 [INFO] PluginManage:356 - Loaded plugin cadmodel (category:power,tabindex:5)
2023-01-12 09:27:26,919 [INFO] PluginManage:307 - Check plugin clock
2023-01-12 09:27:26,943 [INFO] PluginManage:356 - Loaded plugin clock (category:base,tabindex:2)
2023-01-12 09:27:26,943 [INFO] PluginManage:307 - Check plugin ddr
2023-01-12 09:27:26,951 [INFO] PluginManage:356 - Loaded plugin ddr (category:tool,tabindex:6)
2023-01-12 09:27:26,951 [INFO] PluginManage:307 - Check plugin filemanager
2023-01-12 09:27:27,183 [INFO] PluginManage:356 - Loaded plugin filemanager (category:base,tabindex:10)
2023-01-12 09:27:27,183 [INFO] PluginManage:307 - Check plugin ipmanager
2023-01-12 09:27:27,199 [INFO] PluginManage:356 - Loaded plugin ipmanager (category:base,tabindex:5)
2023-01-12 09:27:27,199 [INFO] PluginManage:307 - Check plugin lpbam
2023-01-12 09:27:27,215 [INFO] PluginManage:356 - Loaded plugin lpbam (category:base,tabindex:0)
2023-01-12 09:27:27,215 [INFO] PluginManage:307 - Check plugin pinoutandconfiguration
2023-01-12 09:27:27,230 [INFO] PluginManage:356 - Loaded plugin pinoutandconfiguration (category:base,tabindex:1)
2023-01-12 09:27:27,230 [INFO] PluginManage:307 - Check plugin pinoutconfig
2023-01-12 09:27:27,295 [INFO] PluginManage:356 - Loaded plugin pinoutconfig (category:base,tabindex:0)
2023-01-12 09:27:27,295 [INFO] PluginManage:307 - Check plugin power
2023-01-12 09:27:27,312 [INFO] PluginManage:356 - Loaded plugin power (category:power,tabindex:4)
2023-01-12 09:27:27,312 [INFO] PluginManage:307 - Check plugin projectmanager
2023-01-12 09:27:27,335 [INFO] PluginManage:356 - Loaded plugin projectmanager (category:projectmanager,tabindex:3)
2023-01-12 09:27:27,335 [INFO] PluginManage:307 - Check plugin thirdparty
2023-01-12 09:27:27,511 [WARN] IntegrityCheckThread:82 - waiting for thirdparty lock release [integrity check]
2023-01-12 09:27:27,511 [INFO] PluginManage:356 - Loaded plugin thirdparty (category:base,tabindex:-1)
2023-01-12 09:27:27,511 [INFO] IntegrityCheckThread:84 - entering critical section [integrity check]
2023-01-12 09:27:27,511 [INFO] PluginManage:307 - Check plugin tools
2023-01-12 09:27:27,511 [INFO] ThirdPartyUpdaterWithRetryManager:70 - Updater plugin not ready yet. [1/15]
2023-01-12 09:27:27,519 [INFO] PluginManage:356 - Loaded plugin tools (category:base,tabindex:7)
2023-01-12 09:27:27,519 [INFO] PluginManage:307 - Check plugin tutovideos
2023-01-12 09:27:27,702 [INFO] PluginManage:356 - Loaded plugin tutovideos (category:base,tabindex:-1)
2023-01-12 09:27:27,702 [INFO] PluginManage:307 - Check plugin updater
2023-01-12 09:27:27,718 [INFO] PluginManage:356 - Loaded plugin updater (category:base,tabindex:12)
2023-01-12 09:27:27,718 [INFO] PluginManage:280 - PluginManage : Loaded plugins [15]
2023-01-12 09:27:27,992 [INFO] PinOutPanel:1468 - setPackage(No Configuration,No Configuration)
2023-01-12 09:27:28,072 [INFO] CADModel:98 - CPN selected for project level
2023-01-12 09:27:28,088 [INFO] IPUIPlugin:79 - create IPUIPlugin
2023-01-12 09:27:28,088 [INFO] PluginManager:217 - loadIPPluginJar : add adc
2023-01-12 09:27:28,096 [INFO] IPUIPlugin:79 - create IPUIPlugin
2023-01-12 09:27:28,096 [INFO] PluginManager:217 - loadIPPluginJar : add aes
2023-01-12 09:27:28,096 [INFO] IPUIPlugin:79 - create IPUIPlugin
2023-01-12 09:27:28,096 [INFO] PluginManager:217 - loadIPPluginJar : add can
2023-01-12 09:27:28,096 [INFO] IPUIPlugin:79 - create IPUIPlugin
2023-01-12 09:27:28,096 [INFO] PluginManager:217 - loadIPPluginJar : add comp
2023-01-12 09:27:28,104 [INFO] IPUIPlugin:79 - create IPUIPlugin
2023-01-12 09:27:28,104 [INFO] PluginManager:217 - loadIPPluginJar : add cryp
2023-01-12 09:27:28,104 [INFO] IPUIPlugin:79 - create IPUIPlugin
2023-01-12 09:27:28,104 [INFO] PluginManager:217 - loadIPPluginJar : add dfsdm
2023-01-12 09:27:28,112 [INFO] IPUIPlugin:79 - create IPUIPlugin
2023-01-12 09:27:28,112 [INFO] PluginManager:217 - loadIPPluginJar : add dma
2023-01-12 09:27:28,112 [INFO] IPUIPlugin:79 - create IPUIPlugin
2023-01-12 09:27:28,112 [INFO] PluginManager:217 - loadIPPluginJar : add dma3
2023-01-12 09:27:28,112 [INFO] IPUIPlugin:79 - create IPUIPlugin
2023-01-12 09:27:28,120 [INFO] PluginManager:217 - loadIPPluginJar : add fatfs
2023-01-12 09:27:28,120 [INFO] IPUIPlugin:79 - create IPUIPlugin
2023-01-12 09:27:28,120 [INFO] PluginManager:217 - loadIPPluginJar : add fmc
2023-01-12 09:27:28,128 [INFO] IPUIPlugin:79 - create IPUIPlugin
2023-01-12 09:27:28,128 [INFO] PluginManager:217 - loadIPPluginJar : add freertos
2023-01-12 09:27:28,128 [INFO] IPUIPlugin:79 - create IPUIPlugin
2023-01-12 09:27:28,128 [INFO] PluginManager:217 - loadIPPluginJar : add genericplugin
2023-01-12 09:27:28,136 [INFO] IPUIPlugin:79 - create IPUIPlugin
2023-01-12 09:27:28,136 [INFO] PluginManager:217 - loadIPPluginJar : add gfxmmu
2023-01-12 09:27:28,136 [INFO] IPUIPlugin:79 - create IPUIPlugin
2023-01-12 09:27:28,136 [INFO] PluginManager:217 - loadIPPluginJar : add gic
2023-01-12 09:27:28,144 [INFO] IPUIPlugin:79 - create IPUIPlugin
2023-01-12 09:27:28,144 [INFO] PluginManager:217 - loadIPPluginJar : add gpio
2023-01-12 09:27:28,144 [INFO] IPUIPlugin:79 - create IPUIPlugin
2023-01-12 09:27:28,144 [INFO] PluginManager:217 - loadIPPluginJar : add gtzc
2023-01-12 09:27:28,144 [INFO] IPUIPlugin:79 - create IPUIPlugin
2023-01-12 09:27:28,144 [INFO] PluginManager:217 - loadIPPluginJar : add hash
2023-01-12 09:27:28,152 [INFO] IPUIPlugin:79 - create IPUIPlugin
2023-01-12 09:27:28,152 [INFO] PluginManager:217 - loadIPPluginJar : add i2c
2023-01-12 09:27:28,152 [INFO] IPUIPlugin:79 - create IPUIPlugin
2023-01-12 09:27:28,152 [INFO] PluginManager:217 - loadIPPluginJar : add i2s
2023-01-12 09:27:28,152 [INFO] IPUIPlugin:79 - create IPUIPlugin
2023-01-12 09:27:28,152 [INFO] PluginManager:217 - loadIPPluginJar : add ipddr
2023-01-12 09:27:28,168 [INFO] IPUIPlugin:79 - create IPUIPlugin
2023-01-12 09:27:28,168 [INFO] PluginManager:217 - loadIPPluginJar : add linkedlist
2023-01-12 09:27:28,168 [INFO] IPUIPlugin:79 - create IPUIPlugin
2023-01-12 09:27:28,168 [INFO] PluginManager:217 - loadIPPluginJar : add lorawan
2023-01-12 09:27:28,168 [INFO] IPUIPlugin:79 - create IPUIPlugin
2023-01-12 09:27:28,168 [INFO] PluginManager:217 - loadIPPluginJar : add ltdc
2023-01-12 09:27:28,168 [INFO] IPUIPlugin:79 - create IPUIPlugin
2023-01-12 09:27:28,168 [INFO] PluginManager:217 - loadIPPluginJar : add mdma
2023-01-12 09:27:28,183 [INFO] IPUIPlugin:79 - create IPUIPlugin
2023-01-12 09:27:28,183 [INFO] PluginManager:217 - loadIPPluginJar : add nvic
2023-01-12 09:27:28,183 [INFO] IPUIPlugin:79 - create IPUIPlugin
2023-01-12 09:27:28,183 [INFO] PluginManager:217 - loadIPPluginJar : add opamp
2023-01-12 09:27:28,183 [INFO] IPUIPlugin:79 - create IPUIPlugin
2023-01-12 09:27:28,183 [INFO] PluginManager:217 - loadIPPluginJar : add openamp
2023-01-12 09:27:28,183 [INFO] IPUIPlugin:79 - create IPUIPlugin
2023-01-12 09:27:28,183 [INFO] PluginManager:217 - loadIPPluginJar : add pdm2pcm
2023-01-12 09:27:28,183 [INFO] IPUIPlugin:79 - create IPUIPlugin
2023-01-12 09:27:28,199 [INFO] PluginManager:217 - loadIPPluginJar : add plateformsettings
2023-01-12 09:27:28,199 [INFO] IPUIPlugin:79 - create IPUIPlugin
2023-01-12 09:27:28,199 [INFO] PluginManager:217 - loadIPPluginJar : add quadspi
2023-01-12 09:27:28,199 [INFO] IPUIPlugin:79 - create IPUIPlugin
2023-01-12 09:27:28,199 [INFO] PluginManager:217 - loadIPPluginJar : add resmgrutility
2023-01-12 09:27:28,207 [INFO] IPUIPlugin:79 - create IPUIPlugin
2023-01-12 09:27:28,207 [INFO] PluginManager:217 - loadIPPluginJar : add sai
2023-01-12 09:27:28,207 [INFO] IPUIPlugin:79 - create IPUIPlugin
2023-01-12 09:27:28,207 [INFO] PluginManager:217 - loadIPPluginJar : add spi
2023-01-12 09:27:28,207 [INFO] IPUIPlugin:79 - create IPUIPlugin
2023-01-12 09:27:28,207 [INFO] PluginManager:217 - loadIPPluginJar : add stm32_wpan
2023-01-12 09:27:28,215 [INFO] IPUIPlugin:79 - create IPUIPlugin
2023-01-12 09:27:28,215 [INFO] PluginManager:217 - loadIPPluginJar : add tim
2023-01-12 09:27:28,215 [INFO] IPUIPlugin:79 - create IPUIPlugin
2023-01-12 09:27:28,215 [INFO] PluginManager:217 - loadIPPluginJar : add touchsensing
2023-01-12 09:27:28,215 [INFO] IPUIPlugin:79 - create IPUIPlugin
2023-01-12 09:27:28,215 [INFO] PluginManager:217 - loadIPPluginJar : add tracer_emb
2023-01-12 09:27:28,223 [INFO] IPUIPlugin:79 - create IPUIPlugin
2023-01-12 09:27:28,223 [INFO] PluginManager:217 - loadIPPluginJar : add ts
2023-01-12 09:27:28,223 [INFO] IPUIPlugin:79 - create IPUIPlugin
2023-01-12 09:27:28,223 [INFO] PluginManager:217 - loadIPPluginJar : add tsc
2023-01-12 09:27:28,223 [INFO] IPUIPlugin:79 - create IPUIPlugin
2023-01-12 09:27:28,223 [INFO] PluginManager:217 - loadIPPluginJar : add ucpd
2023-01-12 09:27:28,239 [INFO] IPUIPlugin:79 - create IPUIPlugin
2023-01-12 09:27:28,239 [INFO] PluginManager:217 - loadIPPluginJar : add usart
2023-01-12 09:27:28,247 [INFO] IPUIPlugin:79 - create IPUIPlugin
2023-01-12 09:27:28,247 [INFO] PluginManager:217 - loadIPPluginJar : add usbx
2023-01-12 09:27:28,684 [FATAL] Updater:301 - Updater called before beeing initialized
2023-01-12 09:27:28,960 [FATAL] Updater:301 - Updater called before beeing initialized
2023-01-12 09:27:28,968 [INFO] DbMcusAds:52 - JSON generation date=Thu Sep 30 08:55:09 CEST 2021 (1632984909377)
2023-01-12 09:27:28,968 [FATAL] Updater:301 - Updater called before beeing initialized
2023-01-12 09:27:29,032 [WARN] DetailPanel:344 - Failed to get advertising image, set to default
2023-01-12 09:27:29,192 [FATAL] Updater:301 - Updater called before beeing initialized
2023-01-12 09:27:29,192 [FATAL] Updater:301 - Updater called before beeing initialized
2023-01-12 09:27:29,192 [FATAL] Updater:301 - Updater called before beeing initialized
2023-01-12 09:27:29,192 [WARN] DetailPanel:344 - Failed to get advertising image, set to default
2023-01-12 09:27:29,192 [FATAL] Updater:301 - Updater called before beeing initialized
2023-01-12 09:27:29,264 [ERROR] Updater:1105 - MainUpdater not yet initialized. External WinMGr cannot be set.
2023-01-12 09:27:29,264 [INFO] Updater:1041 - Updater Version found : 6.6.1
2023-01-12 09:27:29,279 [INFO] ApplicationProperties:181 - Using Application install path: C:\ST\STM32CubeIDE_1.10.1\STM32CubeIDE\plugins\com.st.stm32cube.common.mx_6.6.1.202207061420
2023-01-12 09:27:29,495 [INFO] MainUpdater:2768 - connection check result : 10
2023-01-12 09:27:29,495 [INFO] MainUpdater:280 - Updater Check For Update Now.
2023-01-12 09:27:29,495 [INFO] MicroXplorer:481 - Change Database Version : DB.6.0.60
2023-01-12 09:27:29,727 [INFO] CheckServerUpdateThread:119 - End of CheckServer Thread
2023-01-12 09:27:29,920 [INFO] MainUpdater:2768 - connection check result : 10
2023-01-12 09:27:30,232 [INFO] McuFinderGlobals:57 - Set McuFinderConnectedMode to true
2023-01-12 09:27:30,248 [INFO] MultiScanPanel:195 - Auto-refresh data requested => check proxy status ongoing
2023-01-12 09:27:30,256 [INFO] FinderPluginLoader:92 - Searching for filters in installed packs
2023-01-12 09:27:30,432 [INFO] ApiDb:576 - Connected to CubeFinder SQLite database (C:\Users\hugop\.stmcufinder\plugins\mcufinder\mcu\cube-finder-db.db)
2023-01-12 09:27:30,552 [INFO] ApiDb:663 - CubeFinder database Data Model version=2.1
2023-01-12 09:27:30,552 [INFO] ApiDb:664 - CubeFinder database Configuration version=3.0.35
2023-01-12 09:27:30,552 [INFO] ApiDb:665 - CubeFinder database generation date=2022-12-20 (1671519758)
2023-01-12 09:27:30,552 [INFO] ApiDb:666 - CubeFinder database FW Pack versions=[FP-ATR-ASTRA1_V1.1.1, STM32Cube_FW_C0_V1.0.0, STM32Cube_FW_F4_V1.27.1, STM32Cube_FW_F7_V1.17.0, STM32Cube_FW_G0_V1.6.1, STM32Cube_FW_G4_V1.5.0, STM32Cube_FW_H5_V0.5.1, STM32Cube_FW_H7_V1.11.0, STM32Cube_FW_L5_V1.5.0, STM32Cube_FW_U5_V1.1.1, STM32Cube_FW_WBA_V0.2.0, STM32Cube_FW_WB_V1.15.0, STM32Cube_FW_WB_V1.15.0RC1, STM32Cube_FW_WL_V1.3.0, X-CUBE-ALGOBUILD_V1.3.0, X-CUBE-ALS_V1.0.1, X-CUBE-AZRTOS-F4_V1.1.0, X-CUBE-AZRTOS-F7_V1.1.0, X-CUBE-AZRTOS-G0_V1.1.0, X-CUBE-AZRTOS-G4_V1.0.0, X-CUBE-AZRTOS-H7_V2.1.0, X-CUBE-AZRTOS-L4_V1.0.0, X-CUBE-AZRTOS-L5_V1.0.0, X-CUBE-AZRTOS-WL_V1.0.0, X-CUBE-BLE1_V6.2.4, X-CUBE-BLE2_V3.3.0, X-CUBE-BLEMGR_V1.3.0, X-CUBE-EEPRMA1_V4.1.0, X-CUBE-GNSS1_V6.0.0, X-CUBE-MEMS1_V9.1.0, X-CUBE-MEMS1_V9.3.0, X-CUBE-MEMS1_V9.4.0, X-CUBE-NFC4_V2.0.5, X-CUBE-NFC7_V1.0.0, X-CUBE-SFXS2LP1_V4.0.0, X-CUBE-SUBG2_V5.0.0]
2023-01-12 09:27:30,816 [WARN] PackLoader:242 - Cannot read IP mode file for STMicroelectronics.X-CUBE-GNSS1.6.0.0
2023-01-12 09:27:30,888 [WARN] PackLoader:242 - Cannot read IP mode file for STMicroelectronics.X-CUBE-AZRTOS-F4.1.1.0
2023-01-12 09:27:30,920 [WARN] PackLoader:242 - Cannot read IP mode file for STMicroelectronics.X-CUBE-BLEMGR.1.2.0
2023-01-12 09:27:30,976 [WARN] PackLoader:242 - Cannot read IP mode file for STMicroelectronics.X-CUBE-AZRTOS-F7.1.1.0
2023-01-12 09:27:31,016 [WARN] PackLoader:242 - Cannot read IP mode file for STMicroelectronics.X-CUBE-BLE1.6.2.3
2023-01-12 09:27:31,024 [WARN] PackLoader:242 - Cannot read IP mode file for STMicroelectronics.X-CUBE-BLE1.6.2.4
2023-01-12 09:27:31,040 [WARN] PackLoader:242 - Cannot read IP mode file for STMicroelectronics.X-CUBE-NFC4.2.0.5
2023-01-12 09:27:31,048 [WARN] PackLoader:242 - Cannot read IP mode file for STMicroelectronics.X-CUBE-NFC4.2.0.4
2023-01-12 09:27:31,080 [WARN] PackLoader:242 - Cannot read IP mode file for STMicroelectronics.X-CUBE-TOF1.3.1.0
2023-01-12 09:27:31,096 [WARN] PackLoader:242 - Cannot read IP mode file for wolfSSL.I-CUBE-wolfSSL.5.5.0
2023-01-12 09:27:31,104 [WARN] PackLoader:242 - Cannot read IP mode file for STMicroelectronics.X-CUBE-NFC7.1.0.0
2023-01-12 09:27:31,208 [WARN] PackLoader:242 - Cannot read IP mode file for STMicroelectronics.X-CUBE-MEMS1.9.3.0
2023-01-12 09:27:31,536 [WARN] PackLoader:242 - Cannot read IP mode file for STMicroelectronics.X-CUBE-EEPRMA1.4.1.0
2023-01-12 09:27:31,536 [WARN] PackLoader:242 - Cannot read IP mode file for STMicroelectronics.X-CUBE-AI.7.2.0
2023-01-12 09:27:31,552 [WARN] PackLoader:242 - Cannot read IP mode file for STMicroelectronics.X-CUBE-SFXS2LP1.4.0.0
2023-01-12 09:27:31,567 [WARN] PackLoader:242 - Cannot read IP mode file for STMicroelectronics.X-CUBE-BLE2.3.3.0
2023-01-12 09:27:31,598 [WARN] PackLoader:242 - Cannot read IP mode file for STMicroelectronics.X-CUBE-DISPLAY.2.2.0
2023-01-12 09:27:31,622 [WARN] PackLoader:242 - Cannot read IP mode file for STMicroelectronics.X-CUBE-TOF1.3.2.0
2023-01-12 09:27:31,758 [WARN] PackLoader:242 - Cannot read IP mode file for STMicroelectronics.X-CUBE-AZRTOS-H7.3.0.0
2023-01-12 09:27:31,790 [WARN] PackLoader:242 - Cannot read IP mode file for STMicroelectronics.X-CUBE-ISPU.1.0.0
2023-01-12 09:27:31,798 [WARN] PackLoader:242 - Cannot read IP mode file for STMicroelectronics.X-CUBE-ISPU.1.1.0
2023-01-12 09:27:31,822 [WARN] PackLoader:242 - Cannot read IP mode file for RoweBots.I-CUBE-UNISONRTOS.5.5.0-4
2023-01-12 09:27:31,870 [WARN] PackLoader:242 - Cannot read IP mode file for STMicroelectronics.X-CUBE-AZRTOS-H7.2.1.0
2023-01-12 09:27:31,878 [WARN] PackLoader:242 - Cannot read IP mode file for STMicroelectronics.X-CUBE-TOUCHGFX.4.21.0
2023-01-12 09:27:31,894 [WARN] PackLoader:242 - Cannot read IP mode file for STMicroelectronics.X-CUBE-BLEMGR.1.0.0
2023-01-12 09:27:31,990 [WARN] PackLoader:242 - Cannot read IP mode file for STMicroelectronics.X-CUBE-MEMS1.9.4.0
2023-01-12 09:27:32,229 [WARN] PackLoader:242 - Cannot read IP mode file for STMicroelectronics.X-CUBE-AI.7.3.0
2023-01-12 09:27:32,237 [WARN] PackLoader:242 - Cannot read IP mode file for STMicroelectronics.X-CUBE-ALGOBUILD.1.3.0
2023-01-12 09:27:32,277 [WARN] PackLoader:242 - Cannot read IP mode file for STMicroelectronics.X-CUBE-AZRTOS-L5.1.1.0
2023-01-12 09:27:32,309 [WARN] PackLoader:242 - Cannot read IP mode file for STMicroelectronics.X-CUBE-AZRTOS-G0.1.1.0
2023-01-12 09:27:32,333 [WARN] PackLoader:242 - Cannot read IP mode file for STMicroelectronics.X-CUBE-SUBG2.5.0.0
2023-01-12 09:27:32,429 [WARN] PackLoader:242 - Cannot read IP mode file for SEGGER.I-CUBE-embOS.1.2.0
2023-01-12 09:27:32,493 [WARN] PackLoader:242 - Cannot read IP mode file for STMicroelectronics.FP-ATR-ASTRA1.1.1.1
2023-01-12 09:27:32,501 [WARN] PackLoader:242 - Cannot read IP mode file for STMicroelectronics.X-CUBE-BLEMGR.1.3.0
2023-01-12 09:27:32,533 [WARN] PackLoader:242 - Cannot read IP mode file for STMicroelectronics.X-CUBE-AZRTOS-G4.1.0.0
2023-01-12 09:27:32,541 [WARN] PackLoader:242 - Cannot read IP mode file for STMicroelectronics.FP-ATR-SIGFOX1.3.2.0
2023-01-12 09:27:32,564 [WARN] PackLoader:242 - Cannot read IP mode file for STMicroelectronics.X-CUBE-AZRTOS-L4.1.0.0
2023-01-12 09:27:32,580 [WARN] PackLoader:242 - Cannot read IP mode file for emotas.I-CUBE-CANOPEN.1.1.2
2023-01-12 09:27:32,580 [WARN] PackLoader:242 - Cannot read IP mode file for STMicroelectronics.X-CUBE-TOUCHGFX.4.20.0
2023-01-12 09:27:32,611 [WARN] PackLoader:242 - Cannot read IP mode file for STMicroelectronics.X-CUBE-AZRTOS-WL.1.0.0
2023-01-12 09:27:32,611 [WARN] PackLoader:242 - Cannot read IP mode file for portGmbH.I-Cube-SoM-uGOAL.1.1.0
2023-01-12 09:27:32,627 [WARN] PackLoader:242 - Cannot read IP mode file for STMicroelectronics.X-CUBE-ALS.1.0.1
2023-01-12 09:27:32,643 [WARN] PackLoader:242 - Cannot read IP mode file for STMicroelectronics.X-CUBE-AZRTOS-WB.1.1.0
2023-01-12 09:27:32,689 [WARN] PackLoader:242 - Cannot read IP mode file for STMicroelectronics.X-CUBE-AZRTOS-L5.1.0.0
2023-01-12 09:27:32,689 [WARN] PackLoader:242 - Cannot read IP mode file for STMicroelectronics.X-CUBE-EEPRMA1.3.1.1
2023-01-12 09:27:32,689 [INFO] ThirdParty:929 - Integrity check success = true
2023-01-12 09:27:32,689 [INFO] IntegrityCheckThread:98 - exiting critical section [integrity check]
2023-01-12 09:27:32,705 [INFO] IntegrityCheckThread:101 - End integrity checks thread
2023-01-12 09:27:34,113 [INFO] ApiDb:239 - Found 138 in-development CPN: [B-WB1M-WPAN1, NUCLEO-C031C6, STEVAL-STWINBX1, STM320518-EVAL, STM32C0116-DK, STM32C011D6Y3TR, STM32C011D6Y6TR, STM32C011F4P3, STM32C011F4P6, STM32C011F4U3, STM32C011F4U6TR, STM32C011F6P3, STM32C011F6P6, STM32C011F6U3, STM32C011F6U6TR, STM32C011J4M3, STM32C011J4M6, STM32C011J6M3, STM32C011J6M6, STM32C0316-DK, STM32C031C4T3, STM32C031C4T6, STM32C031C4U3, STM32C031C4U6, STM32C031C6T3, STM32C031C6T6, STM32C031C6U3, STM32C031C6U6, STM32C031F4P3, STM32C031F4P6, STM32C031F6P3, STM32C031F6P6, STM32C031G4U3, STM32C031G4U6, STM32C031G6U3, STM32C031G6U6, STM32C031K4T3, STM32C031K4T6, STM32C031K4U3, STM32C031K4U6, STM32C031K6T3, STM32C031K6T6, STM32C031K6U3, STM32C031K6U6, STM32G071K8TXN, STM32G071K8UXN, STM32G081GBU6N, STM32G081KBT6N, STM32G081KBUXN, STM32G0B1CCT6N, STM32G0B1KCT6, STM32G0B1NEY6TR, STM32G0B1RCT6N, STM32G0C1CCT6, STM32G0C1CCT6N, STM32G0C1CCU6N, STM32G0C1CET6N, STM32G0C1CEU6N, STM32G0C1KCT6, STM32G0C1NEY6TR, STM32G0C1RCI6N, STM32G0C1RCT6N, STM32G0C1REI6N, STM32G0C1RET6N, STM32G0C1VCI6, STM32G0C1VEI6, STM32G471CCT6, STM32G471CCU6, STM32G471CET3, STM32G471CET6, STM32G471CEU3, STM32G471CEU6, STM32G471MCT6, STM32G471MET3, STM32G471MET6, STM32G471MEY6TR, STM32G471QCT6, STM32G471QET3, STM32G471RCT6, STM32G471RET3, STM32G471RET6, STM32G471VCH6, STM32G471VCI6, STM32G471VCT6, STM32G471VEH3, STM32G471VEH6, STM32G471VEI3, STM32G471VEI6, STM32G471VET3, STM32G471VET6, STM32G474CCT6, STM32L476VGY6PTR, STM32L4R5QGI6STR, STM32MP131AAE3, STM32MP131AAF3, STM32MP131AAG3, STM32MP131CAE3, STM32MP131CAF3, STM32MP131CAG3, STM32MP131DAE7, STM32MP131DAF7, STM32MP131DAG7, STM32MP131FAE7, STM32MP131FAF7, STM32MP131FAG7, STM32MP133AAE3, STM32MP133AAF3, STM32MP133AAG3, STM32MP133CAE3, STM32MP133CAF3, STM32MP133CAG3, STM32MP133DAE7, STM32MP133DAF7, STM32MP133DAG7, STM32MP133FAE7, STM32MP133FAF7, STM32MP133FAG7, STM32MP135AAE3, STM32MP135AAF3, STM32MP135AAG3, STM32MP135CAE3, STM32MP135CAF3, STM32MP135CAG3, STM32MP135DAE7, STM32MP135DAF7, STM32MP135DAG7, STM32MP135F-DK, STM32MP135FAE7, STM32MP135FAF7, STM32MP135FAG7, STM32U595ZJT6Q, STM32U599BJY6QTR, STM32U599NIH6Q, STM32U599NJH6Q, STM32U5A5ZJT6Q, STM32U5A9BJY6QTR, STM32U5A9NJH6Q, STM32WB1MMCH6]
2023-01-12 09:27:34,121 [INFO] DbMcus:215 - Found 3580 MCUs, 3580 are supported
2023-01-12 09:27:34,129 [INFO] ApiDb:418 - Load user favorites file C:\Users\hugop/.stm32cubeide/favorites.mcus.txt: 0 item(s)
2023-01-12 09:27:34,129 [INFO] ApiDb:422 - User favorites MCUs=[]
2023-01-12 09:27:34,129 [INFO] DbMcus:221 - Set 0 / 0 favorites MCUs
2023-01-12 09:27:36,039 [INFO] LoadUrlFilesThread:177 - End of LoadServerUrlFiles without Thread
2023-01-12 09:27:36,055 [INFO] DetailPanel:339 - Set advertising image to C:/Users/hugop/STM32Cube/Repository/\en.Prom_NBSTM32U50921.jpg
2023-01-12 09:27:37,076 [INFO] ToolPreferences:109 - Table McuList, key=mcufinder_cubeide.mculist: column name not found=IO
2023-01-12 09:27:37,076 [INFO] ToolPreferences:109 - Table McuList, key=mcufinder_cubeide.mculist: column name not found=Freq.
2023-01-12 09:27:37,076 [INFO] MultiScanPanel:778 - Auto Refresh Data is not needed
2023-01-12 09:27:37,092 [INFO] ApiDb:663 - CubeFinder database Data Model version=2.1
2023-01-12 09:27:37,092 [INFO] ApiDb:664 - CubeFinder database Configuration version=3.0.35
2023-01-12 09:27:37,092 [INFO] ApiDb:665 - CubeFinder database generation date=2022-12-20 (1671519758)
2023-01-12 09:27:37,092 [INFO] ApiDb:666 - CubeFinder database FW Pack versions=[FP-ATR-ASTRA1_V1.1.1, STM32Cube_FW_C0_V1.0.0, STM32Cube_FW_F4_V1.27.1, STM32Cube_FW_F7_V1.17.0, STM32Cube_FW_G0_V1.6.1, STM32Cube_FW_G4_V1.5.0, STM32Cube_FW_H5_V0.5.1, STM32Cube_FW_H7_V1.11.0, STM32Cube_FW_L5_V1.5.0, STM32Cube_FW_U5_V1.1.1, STM32Cube_FW_WBA_V0.2.0, STM32Cube_FW_WB_V1.15.0, STM32Cube_FW_WB_V1.15.0RC1, STM32Cube_FW_WL_V1.3.0, X-CUBE-ALGOBUILD_V1.3.0, X-CUBE-ALS_V1.0.1, X-CUBE-AZRTOS-F4_V1.1.0, X-CUBE-AZRTOS-F7_V1.1.0, X-CUBE-AZRTOS-G0_V1.1.0, X-CUBE-AZRTOS-G4_V1.0.0, X-CUBE-AZRTOS-H7_V2.1.0, X-CUBE-AZRTOS-L4_V1.0.0, X-CUBE-AZRTOS-L5_V1.0.0, X-CUBE-AZRTOS-WL_V1.0.0, X-CUBE-BLE1_V6.2.4, X-CUBE-BLE2_V3.3.0, X-CUBE-BLEMGR_V1.3.0, X-CUBE-EEPRMA1_V4.1.0, X-CUBE-GNSS1_V6.0.0, X-CUBE-MEMS1_V9.1.0, X-CUBE-MEMS1_V9.3.0, X-CUBE-MEMS1_V9.4.0, X-CUBE-NFC4_V2.0.5, X-CUBE-NFC7_V1.0.0, X-CUBE-SFXS2LP1_V4.0.0, X-CUBE-SUBG2_V5.0.0]
2023-01-12 09:27:37,179 [INFO] DbBoardsSqlite:227 - include board P-NUCLEO-WB55-NUCLEO as a kit item of type 'Nucleo-64'
2023-01-12 09:27:37,179 [INFO] DbBoardsSqlite:227 - include board P-NUCLEO-WB55-USBDONGLE as a kit item of type 'Nucleo USB Dongle'
2023-01-12 09:27:37,179 [INFO] DbBoardsSqlite:227 - include board STEVAL-IDP005V1 as a kit item of type 'Evaluation Board'
2023-01-12 09:27:37,179 [INFO] DbBoardsSqlite:227 - include board STEVAL-IDP005V2 as a kit item of type 'Evaluation Board'
2023-01-12 09:27:37,226 [INFO] ApiDb:239 - Found 138 in-development CPN: [B-WB1M-WPAN1, NUCLEO-C031C6, STEVAL-STWINBX1, STM320518-EVAL, STM32C0116-DK, STM32C011D6Y3TR, STM32C011D6Y6TR, STM32C011F4P3, STM32C011F4P6, STM32C011F4U3, STM32C011F4U6TR, STM32C011F6P3, STM32C011F6P6, STM32C011F6U3, STM32C011F6U6TR, STM32C011J4M3, STM32C011J4M6, STM32C011J6M3, STM32C011J6M6, STM32C0316-DK, STM32C031C4T3, STM32C031C4T6, STM32C031C4U3, STM32C031C4U6, STM32C031C6T3, STM32C031C6T6, STM32C031C6U3, STM32C031C6U6, STM32C031F4P3, STM32C031F4P6, STM32C031F6P3, STM32C031F6P6, STM32C031G4U3, STM32C031G4U6, STM32C031G6U3, STM32C031G6U6, STM32C031K4T3, STM32C031K4T6, STM32C031K4U3, STM32C031K4U6, STM32C031K6T3, STM32C031K6T6, STM32C031K6U3, STM32C031K6U6, STM32G071K8TXN, STM32G071K8UXN, STM32G081GBU6N, STM32G081KBT6N, STM32G081KBUXN, STM32G0B1CCT6N, STM32G0B1KCT6, STM32G0B1NEY6TR, STM32G0B1RCT6N, STM32G0C1CCT6, STM32G0C1CCT6N, STM32G0C1CCU6N, STM32G0C1CET6N, STM32G0C1CEU6N, STM32G0C1KCT6, STM32G0C1NEY6TR, STM32G0C1RCI6N, STM32G0C1RCT6N, STM32G0C1REI6N, STM32G0C1RET6N, STM32G0C1VCI6, STM32G0C1VEI6, STM32G471CCT6, STM32G471CCU6, STM32G471CET3, STM32G471CET6, STM32G471CEU3, STM32G471CEU6, STM32G471MCT6, STM32G471MET3, STM32G471MET6, STM32G471MEY6TR, STM32G471QCT6, STM32G471QET3, STM32G471RCT6, STM32G471RET3, STM32G471RET6, STM32G471VCH6, STM32G471VCI6, STM32G471VCT6, STM32G471VEH3, STM32G471VEH6, STM32G471VEI3, STM32G471VEI6, STM32G471VET3, STM32G471VET6, STM32G474CCT6, STM32L476VGY6PTR, STM32L4R5QGI6STR, STM32MP131AAE3, STM32MP131AAF3, STM32MP131AAG3, STM32MP131CAE3, STM32MP131CAF3, STM32MP131CAG3, STM32MP131DAE7, STM32MP131DAF7, STM32MP131DAG7, STM32MP131FAE7, STM32MP131FAF7, STM32MP131FAG7, STM32MP133AAE3, STM32MP133AAF3, STM32MP133AAG3, STM32MP133CAE3, STM32MP133CAF3, STM32MP133CAG3, STM32MP133DAE7, STM32MP133DAF7, STM32MP133DAG7, STM32MP133FAE7, STM32MP133FAF7, STM32MP133FAG7, STM32MP135AAE3, STM32MP135AAF3, STM32MP135AAG3, STM32MP135CAE3, STM32MP135CAF3, STM32MP135CAG3, STM32MP135DAE7, STM32MP135DAF7, STM32MP135DAG7, STM32MP135F-DK, STM32MP135FAE7, STM32MP135FAF7, STM32MP135FAG7, STM32U595ZJT6Q, STM32U599BJY6QTR, STM32U599NIH6Q, STM32U599NJH6Q, STM32U5A5ZJT6Q, STM32U5A9BJY6QTR, STM32U5A9NJH6Q, STM32WB1MMCH6]
2023-01-12 09:27:37,377 [INFO] BoardInfo:879 - No configuration file found for board P-NUCLEO-WB55
2023-01-12 09:27:37,377 [INFO] DbBoards:156 - Kit is not supported: P-NUCLEO-WB55
2023-01-12 09:27:37,385 [INFO] BoardInfo:879 - No configuration file found for board STEVAL-BFA001V1B
2023-01-12 09:27:37,385 [INFO] DbBoards:156 - Kit is not supported: STEVAL-BFA001V1B
2023-01-12 09:27:37,393 [INFO] BoardInfo:879 - No configuration file found for board STEVAL-BFA001V2B
2023-01-12 09:27:37,393 [INFO] DbBoards:156 - Kit is not supported: STEVAL-BFA001V2B
2023-01-12 09:27:37,393 [INFO] BoardInfo:879 - No configuration file found for board STEVAL-PROTEUS1
2023-01-12 09:27:37,393 [INFO] DbBoards:156 - Board is not supported: STEVAL-PROTEUS1
2023-01-12 09:27:37,591 [INFO] DbBoards:160 - Found 178 boards, 174 are supported
2023-01-12 09:27:37,607 [INFO] ApiDb:418 - Load user favorites file C:\Users\hugop/.stm32cubeide/favorites.boards.txt: 1 item(s)
2023-01-12 09:27:37,607 [INFO] ApiDb:422 - User favorites Boards=[NUCLEO-F446RE]
2023-01-12 09:27:37,607 [INFO] DbBoards:189 - Set 1 / 1 favorites Boards
2023-01-12 09:28:39,680 [INFO] MultiScanPanel:195 - Auto-refresh data requested => check proxy status ongoing
2023-01-12 09:28:39,898 [INFO] LoadUrlFilesThread:177 - End of LoadServerUrlFiles without Thread
2023-01-12 09:28:39,898 [INFO] DetailPanel:339 - Set advertising image to C:/Users/hugop/STM32Cube/Repository/\en.Prom_NBSTM32U50921.jpg
2023-01-12 09:28:39,914 [INFO] DbBoards:628 - Loading board mini-images...
2023-01-12 09:28:40,305 [ERROR] DbBoards:648 - No image file defined for board B-WB1M-WPAN1
2023-01-12 09:28:40,305 [ERROR] DbBoards:648 - No image file defined for board NUCLEO-C031C6
2023-01-12 09:28:41,883 [ERROR] DbBoards:645 - Image file not found for board STEVAL-PROTEUS1: C:\ST\STM32CubeIDE_1.10.1\STM32CubeIDE\plugins\com.st.stm32cube.common.mx_6.6.1.202207061420\\db\/plugins/mcufinder/images/boards/steval-proteus1_image.jpg
2023-01-12 09:28:41,883 [ERROR] DbBoards:648 - No image file defined for board STEVAL-STWINBX1
2023-01-12 09:28:41,945 [ERROR] DbBoards:645 - Image file not found for board STM320518-EVAL: C:\ST\STM32CubeIDE_1.10.1\STM32CubeIDE\plugins\com.st.stm32cube.common.mx_6.6.1.202207061420\\db\/plugins/mcufinder/images/boards/stm320518-eval.jpg
2023-01-12 09:28:41,945 [ERROR] DbBoards:648 - No image file defined for board STM32091C-EVAL
2023-01-12 09:28:41,945 [ERROR] DbBoards:648 - No image file defined for board STM32100E-EVAL
2023-01-12 09:28:41,945 [ERROR] DbBoards:648 - No image file defined for board STM3210C-EVAL
2023-01-12 09:28:41,961 [ERROR] DbBoards:648 - No image file defined for board STM3221G-EVAL
2023-01-12 09:28:41,961 [ERROR] DbBoards:648 - No image file defined for board STM32303C-EVAL
2023-01-12 09:28:42,070 [ERROR] DbBoards:648 - No image file defined for board STM32479I-EVAL
2023-01-12 09:28:42,070 [ERROR] DbBoards:648 - No image file defined for board STM32746G-EVAL2
2023-01-12 09:28:42,086 [ERROR] DbBoards:648 - No image file defined for board STM32C0116-DK
2023-01-12 09:28:42,086 [ERROR] DbBoards:648 - No image file defined for board STM32C0316-DK
2023-01-12 09:28:42,117 [ERROR] DbBoards:648 - No image file defined for board STM32F401C-DISCO
2023-01-12 09:28:42,195 [ERROR] DbBoards:648 - No image file defined for board STM32F7308-DK
2023-01-12 09:28:42,242 [ERROR] DbBoards:648 - No image file defined for board STM32F779I-EVAL
2023-01-12 09:28:42,336 [ERROR] DbBoards:648 - No image file defined for board STM32G474E-EVAL1
2023-01-12 09:28:42,414 [ERROR] DbBoards:648 - No image file defined for board STM32H747I-EVAL
2023-01-12 09:28:42,461 [ERROR] DbBoards:648 - No image file defined for board STM32L-DISCOVERY
2023-01-12 09:28:42,508 [ERROR] DbBoards:648 - No image file defined for board STM32L152D-EVAL
2023-01-12 09:28:42,679 [ERROR] DbBoards:648 - No image file defined for board STM32MP135F-DK
2023-01-12 09:28:43,008 [INFO] DbBoards:651 - Loaded 156 board mini-images
2023-01-12 09:28:43,180 [INFO] MultiScanPanel:778 - Auto Refresh Data is not needed
2023-01-12 09:29:31,229 [INFO] McuFinderGlobals:57 - Set McuFinderConnectedMode to true
2023-01-12 09:29:31,495 [INFO] ApiDb:443 - Save user favorites file C:\Users\hugop/.stm32cubeide/favorites.mcus.txt: 0 item(s)
2023-01-12 09:29:31,495 [INFO] ApiDb:447 - User favorites MCUs=[]
2023-01-12 09:29:31,495 [INFO] ApiDb:443 - Save user favorites file C:\Users\hugop/.stm32cubeide/favorites.boards.txt: 1 item(s)
2023-01-12 09:29:31,495 [INFO] ApiDb:447 - User favorites Boards=[NUCLEO-F446RE]
